<?xml version="1.0" encoding="UTF-8"?>
<testng-results skipped="0" failed="0" total="2" passed="2">
  <reporter-output>
  </reporter-output>
  <suite name="Default suite" duration-ms="33" started-at="2018-11-20T23:49:08Z" finished-at="2018-11-20T23:49:08Z">
    <groups>
    </groups>
    <test name="Default test" duration-ms="33" started-at="2018-11-20T23:49:08Z" finished-at="2018-11-20T23:49:08Z">
      <class name="Kony.JenkinsPratice.DemoTest">
        <test-method status="PASS" signature="m1()" name="m1" duration-ms="17" started-at="2018-11-20T23:49:08Z" finished-at="2018-11-20T23:49:08Z">
        </test-method>
        <test-method status="PASS" signature="m2()" name="m2" duration-ms="1" started-at="2018-11-20T23:49:08Z" finished-at="2018-11-20T23:49:08Z">
        </test-method>
      </class>
    </test>
  </suite>
</testng-results>
